<?xml version="1.0" encoding="UTF-8"?>
<!-- Generated by org.testng.reporters.JUnitXMLReporter -->
<testsuite ignored="0" hostname="LAPTOP-5TRE3P3T" failures="0" tests="1" name="edgetest" time="0.038" errors="0" timestamp="2025-04-21T17:03:15 IST">
  <testcase classname="testCases.BaseClass" name="@BeforeClass Setup" time="-1.745235195654E9">
    <failure type="org.testng.TestNGException" message="
Parameter &amp;apos;browser&amp;apos; is required by BeforeClass on method Setup but has not been marked @Optional or defined
in C:\Users\ashok\OneDrive\Desktop\CS_SeleniumExercises\opencart121\crossbroswertesting.xml">
      <![CDATA[org.testng.TestNGException: 
Parameter 'browser' is required by BeforeClass on method Setup but has not been marked @Optional or defined
in C:\Users\ashok\OneDrive\Desktop\CS_SeleniumExercises\opencart121\crossbroswertesting.xml
at java.base/java.util.ArrayList.forEach(ArrayList.java:1511)
at java.base/java.util.concurrent.FutureTask.run(FutureTask.java:264)
at java.base/java.util.concurrent.ThreadPoolExecutor.runWorker(ThreadPoolExecutor.java:1136)
at java.base/java.util.concurrent.ThreadPoolExecutor$Worker.run(ThreadPoolExecutor.java:635)
at java.base/java.lang.Thread.run(Thread.java:833)
... Removed 13 stack frames]]>
    </failure>
  </testcase> <!-- @BeforeClass Setup -->
  <testcase classname="testCases.BaseClass" name="@AfterClass TearDown" time="-1.745235195675E9">
    <skipped/>
  </testcase> <!-- @AfterClass TearDown -->
  <testcase classname="testCases.TC001_Registration" name="verify_AccountRegistrationPage" time="0.0">
    <skipped/>
  </testcase> <!-- verify_AccountRegistrationPage -->
</testsuite> <!-- edgetest -->
