<?xml version="1.0" encoding="UTF-8"?>
<!-- Generated by org.testng.reporters.JUnitXMLReporter -->
<testsuite ignored="0" hostname="LAPTOP-5TRE3P3T" failures="2" tests="8" name="Test" time="74.864" errors="0" timestamp="2025-05-01T12:15:43 IST">
  <testcase classname="testCases.TC001_Registration" name="verify_AccountRegistrationPage" time="1.67"/>
  <testcase classname="testCases.TC002_LoginTest" name="Verify_Login" time="1.151"/>
  <testcase classname="testCases.TC003_Login_DDT" name="Verify_LoginDDT" time="1.68"/>
  <testcase classname="testCases.TC003_Login_DDT" name="Verify_LoginDDT" time="10.43"/>
  <testcase classname="testCases.TC003_Login_DDT" name="Verify_LoginDDT" time="10.672"/>
  <testcase classname="testCases.TC003_Login_DDT" name="Verify_LoginDDT" time="12.654">
    <failure type="java.lang.AssertionError" message="expected [true] but found [false]">
      <![CDATA[java.lang.AssertionError: expected [true] but found [false]
at testCases.TC003_Login_DDT.Verify_LoginDDT(TC003_Login_DDT.java:57)
at java.base/java.util.ArrayList.forEach(ArrayList.java:1511)
... Removed 31 stack frames]]>
    </failure>
  </testcase> <!-- Verify_LoginDDT -->
  <testcase classname="testCases.TC004_Searchproduct" name="verify_productSearch" time="0.583"/>
  <testcase classname="testCases.TC005_AddToCartPage" name="verify_addToCart" time="21.29">
    <failure type="java.lang.AssertionError" message="null">
      <![CDATA[java.lang.AssertionError: null
at testCases.TC005_AddToCartPage.verify_addToCart(TC005_AddToCartPage.java:35)
at java.base/java.util.ArrayList.forEach(ArrayList.java:1511)
... Removed 29 stack frames]]>
    </failure>
  </testcase> <!-- verify_addToCart -->
</testsuite> <!-- Test -->
