<?xml version="1.0" encoding="UTF-8"?>
<!-- Generated by org.testng.reporters.JUnitXMLReporter -->
<testsuite ignored="0" hostname="LAPTOP-5TRE3P3T" failures="0" tests="1" name="Command line test" time="0.027" errors="0" timestamp="2025-04-30T11:27:53 IST">
  <testcase classname="testCases.BaseClass" name="@BeforeClass Setup" time="-1.745992673845E9">
    <failure type="org.testng.TestNGException" message="
Parameter &amp;apos;os&amp;apos; is required by BeforeClass on method Setup but has not been marked @Optional or defined
">
      <![CDATA[org.testng.TestNGException: 
Parameter 'os' is required by BeforeClass on method Setup but has not been marked @Optional or defined

at java.base/java.util.ArrayList.forEach(ArrayList.java:1511)
... Removed 31 stack frames]]>
    </failure>
  </testcase> <!-- @BeforeClass Setup -->
  <testcase classname="testCases.BaseClass" name="@AfterClass TearDown" time="-1.745992673861E9">
    <skipped/>
  </testcase> <!-- @AfterClass TearDown -->
  <testcase classname="testCases.TC002_LoginTest" name="Verify_Login" time="0.0">
    <skipped/>
  </testcase> <!-- Verify_Login -->
</testsuite> <!-- Command line test -->
